<?xml version="1.0" encoding="UTF-8"?>
<testsuite xmlns:xsi="http://www.w3.org/2001/XMLSchema-instance" xsi:noNamespaceSchemaLocation="https://maven.apache.org/surefire/maven-surefire-plugin/xsd/surefire-test-report-3.0.xsd" version="3.0" name="com.classuml.Model.ModelTests" time="0.046" tests="6" errors="0" skipped="0" failures="0">
  <properties>
    <property name="java.specification.version" value="21"/>
    <property name="sun.jnu.encoding" value="UTF-8"/>
    <property name="java.class.path" value="/Users/simeonbelayneh/Downloads/2024sp-420-JavaA-3 3/java2/target/test-classes:/Users/simeonbelayneh/Downloads/2024sp-420-JavaA-3 3/java2/target/classes:/Users/simeonbelayneh/.m2/repository/org/jline/jline/3.19.0/jline-3.19.0.jar:/Users/simeonbelayneh/.m2/repository/org/fusesource/jansi/jansi/2.3.2/jansi-2.3.2.jar:/Users/simeonbelayneh/.m2/repository/org/jline/jline-terminal-jansi/3.20.0/jline-terminal-jansi-3.20.0.jar:/Users/simeonbelayneh/.m2/repository/org/jline/jline-terminal/3.20.0/jline-terminal-3.20.0.jar:/Users/simeonbelayneh/.m2/repository/junit/junit/4.13.1/junit-4.13.1.jar:/Users/simeonbelayneh/.m2/repository/org/hamcrest/hamcrest-core/1.3/hamcrest-core-1.3.jar:/Users/simeonbelayneh/.m2/repository/com/fasterxml/jackson/core/jackson-databind/2.13.0/jackson-databind-2.13.0.jar:/Users/simeonbelayneh/.m2/repository/com/fasterxml/jackson/core/jackson-core/2.13.0/jackson-core-2.13.0.jar:/Users/simeonbelayneh/.m2/repository/com/fasterxml/jackson/core/jackson-annotations/2.17.0/jackson-annotations-2.17.0.jar:/Users/simeonbelayneh/.m2/repository/org/apache/commons/commons-lang3/3.11/commons-lang3-3.11.jar:/Users/simeonbelayneh/.m2/repository/commons-io/commons-io/2.8.0/commons-io-2.8.0.jar:/Users/simeonbelayneh/.m2/repository/commons-lang/commons-lang/2.6/commons-lang-2.6.jar:"/>
    <property name="java.vm.vendor" value="Homebrew"/>
    <property name="sun.arch.data.model" value="64"/>
    <property name="java.vendor.url" value="https://github.com/Homebrew/homebrew-core/issues"/>
    <property name="os.name" value="Mac OS X"/>
    <property name="java.vm.specification.version" value="21"/>
    <property name="sun.java.launcher" value="SUN_STANDARD"/>
    <property name="user.country" value="US"/>
    <property name="sun.boot.library.path" value="/usr/local/Cellar/openjdk/21.0.2/libexec/openjdk.jdk/Contents/Home/lib"/>
    <property name="sun.java.command" value="/Users/simeonbelayneh/Downloads/2024sp-420-JavaA-3 3/java2/target/surefire/surefirebooter11313257195909810051.jar /Users/simeonbelayneh/Downloads/2024sp-420-JavaA-3 3/java2/target/surefire 2024-04-01T00-05-38_020-jvmRun1 surefire15353014592783478644tmp surefire_07697983495341438197tmp"/>
    <property name="http.nonProxyHosts" value="local|*.local|169.254/16|*.169.254/16"/>
    <property name="jdk.debug" value="release"/>
    <property name="surefire.test.class.path" value="/Users/simeonbelayneh/Downloads/2024sp-420-JavaA-3 3/java2/target/test-classes:/Users/simeonbelayneh/Downloads/2024sp-420-JavaA-3 3/java2/target/classes:/Users/simeonbelayneh/.m2/repository/org/jline/jline/3.19.0/jline-3.19.0.jar:/Users/simeonbelayneh/.m2/repository/org/fusesource/jansi/jansi/2.3.2/jansi-2.3.2.jar:/Users/simeonbelayneh/.m2/repository/org/jline/jline-terminal-jansi/3.20.0/jline-terminal-jansi-3.20.0.jar:/Users/simeonbelayneh/.m2/repository/org/jline/jline-terminal/3.20.0/jline-terminal-3.20.0.jar:/Users/simeonbelayneh/.m2/repository/junit/junit/4.13.1/junit-4.13.1.jar:/Users/simeonbelayneh/.m2/repository/org/hamcrest/hamcrest-core/1.3/hamcrest-core-1.3.jar:/Users/simeonbelayneh/.m2/repository/com/fasterxml/jackson/core/jackson-databind/2.13.0/jackson-databind-2.13.0.jar:/Users/simeonbelayneh/.m2/repository/com/fasterxml/jackson/core/jackson-core/2.13.0/jackson-core-2.13.0.jar:/Users/simeonbelayneh/.m2/repository/com/fasterxml/jackson/core/jackson-annotations/2.17.0/jackson-annotations-2.17.0.jar:/Users/simeonbelayneh/.m2/repository/org/apache/commons/commons-lang3/3.11/commons-lang3-3.11.jar:/Users/simeonbelayneh/.m2/repository/commons-io/commons-io/2.8.0/commons-io-2.8.0.jar:/Users/simeonbelayneh/.m2/repository/commons-lang/commons-lang/2.6/commons-lang-2.6.jar:"/>
    <property name="sun.cpu.endian" value="little"/>
    <property name="user.home" value="/Users/simeonbelayneh"/>
    <property name="user.language" value="en"/>
    <property name="java.specification.vendor" value="Oracle Corporation"/>
    <property name="java.version.date" value="2024-01-16"/>
    <property name="java.home" value="/usr/local/Cellar/openjdk/21.0.2/libexec/openjdk.jdk/Contents/Home"/>
    <property name="file.separator" value="/"/>
    <property name="basedir" value="/Users/simeonbelayneh/Downloads/2024sp-420-JavaA-3 3/java2"/>
    <property name="java.vm.compressedOopsMode" value="Zero based"/>
    <property name="line.separator" value="&#10;"/>
    <property name="java.vm.specification.vendor" value="Oracle Corporation"/>
    <property name="java.specification.name" value="Java Platform API Specification"/>
    <property name="apple.awt.application.name" value="ForkedBooter"/>
    <property name="surefire.real.class.path" value="/Users/simeonbelayneh/Downloads/2024sp-420-JavaA-3 3/java2/target/surefire/surefirebooter11313257195909810051.jar"/>
    <property name="sun.management.compiler" value="HotSpot 64-Bit Tiered Compilers"/>
    <property name="ftp.nonProxyHosts" value="local|*.local|169.254/16|*.169.254/16"/>
    <property name="java.runtime.version" value="21.0.2"/>
    <property name="user.name" value="simeonbelayneh"/>
    <property name="stdout.encoding" value="UTF-8"/>
    <property name="path.separator" value=":"/>
    <property name="os.version" value="14.4.1"/>
    <property name="java.runtime.name" value="OpenJDK Runtime Environment"/>
    <property name="file.encoding" value="UTF-8"/>
    <property name="java.vm.name" value="OpenJDK 64-Bit Server VM"/>
    <property name="java.vendor.version" value="Homebrew"/>
    <property name="localRepository" value="/Users/simeonbelayneh/.m2/repository"/>
    <property name="java.vendor.url.bug" value="https://github.com/Homebrew/homebrew-core/issues"/>
    <property name="java.io.tmpdir" value="/var/folders/5w/bms37yz54hvf4m4m31mv6xs40000gn/T/"/>
    <property name="java.version" value="21.0.2"/>
    <property name="user.dir" value="/Users/simeonbelayneh/Downloads/2024sp-420-JavaA-3 3/java2"/>
    <property name="os.arch" value="x86_64"/>
    <property name="java.vm.specification.name" value="Java Virtual Machine Specification"/>
    <property name="native.encoding" value="UTF-8"/>
    <property name="java.library.path" value="/Users/simeonbelayneh/Library/Java/Extensions:/Library/Java/Extensions:/Network/Library/Java/Extensions:/System/Library/Java/Extensions:/usr/lib/java:."/>
    <property name="java.vm.info" value="mixed mode, sharing"/>
    <property name="stderr.encoding" value="UTF-8"/>
    <property name="java.vendor" value="Homebrew"/>
    <property name="java.vm.version" value="21.0.2"/>
    <property name="sun.io.unicode.encoding" value="UnicodeBig"/>
    <property name="socksNonProxyHosts" value="local|*.local|169.254/16|*.169.254/16"/>
    <property name="java.class.version" value="65.0"/>
  </properties>
  <testcase name="Method" classname="com.classuml.Model.ModelTests" time="0.004"/>
  <testcase name="Classes" classname="com.classuml.Model.ModelTests" time="0.001"/>
  <testcase name="Parameter" classname="com.classuml.Model.ModelTests" time="0"/>
  <testcase name="Relationship" classname="com.classuml.Model.ModelTests" time="0"/>
  <testcase name="Class" classname="com.classuml.Model.ModelTests" time="0"/>
  <testcase name="Field" classname="com.classuml.Model.ModelTests" time="0"/>
</testsuite>